<?xml version="1.0" encoding="UTF-8"?>
<testsuite xmlns:xsi="http://www.w3.org/2001/XMLSchema-instance" xsi:noNamespaceSchemaLocation="https://maven.apache.org/surefire/maven-surefire-plugin/xsd/surefire-test-report.xsd" name="com.example.agrotech.Tests.AirportControllerTest" time="0.225" tests="19" errors="0" skipped="0" failures="0">
  <properties>
[...]
</properties>
  <testcase name="testSearchAirportByNameAndArchivedSuccess" classname="com.example.agrotech.Tests.AirportControllerTest" time="0.021"/>
  <testcase name="testActivateAirportNotFound" classname="com.example.agrotech.Tests.AirportControllerTest" time="0.008"/>
  <testcase name="testActivateAirportSuccess" classname="com.example.agrotech.Tests.AirportControllerTest" time="0.005"/>
  <testcase name="testGetAirportByIdSuccess" classname="com.example.agrotech.Tests.AirportControllerTest" time="0.003"/>
  <testcase name="testUpdateAirportConflict" classname="com.example.agrotech.Tests.AirportControllerTest" time="0.007"/>
  <testcase name="testAddAirportSuccess" classname="com.example.agrotech.Tests.AirportControllerTest" time="0.002"/>
  <testcase name="testSearchAirportByNameAndActiveNoMatch" classname="com.example.agrotech.Tests.AirportControllerTest" time="0.004"/>
  <testcase name="testSearchAirportByNameAndActiveSuccess" classname="com.example.agrotech.Tests.AirportControllerTest" time="0.003"/>
  <testcase name="testDeleteAirportNotFound" classname="com.example.agrotech.Tests.AirportControllerTest" time="0.004"/>
  <testcase name="testAddAirportConflict" classname="com.example.agrotech.Tests.AirportControllerTest" time="0.004"/>
  <testcase name="testUpdateAirportSuccess" classname="com.example.agrotech.Tests.AirportControllerTest" time="0.003"/>
  <testcase name="testGetActiveTrueAirportsSuccess" classname="com.example.agrotech.Tests.AirportControllerTest" time="0.003"/>
  <testcase name="testDeactivateAirportSuccess" classname="com.example.agrotech.Tests.AirportControllerTest" time="0.003"/>
  <testcase name="testDeleteAirportSuccess" classname="com.example.agrotech.Tests.AirportControllerTest" time="0.003"/>
  <testcase name="testGetArchivedAirportsSuccess" classname="com.example.agrotech.Tests.AirportControllerTest" time="0.002"/>
  <testcase name="testUpdateAirportNotFound" classname="com.example.agrotech.Tests.AirportControllerTest" time="0.008"/>
  <testcase name="testGetAirportByIdNotFound" classname="com.example.agrotech.Tests.AirportControllerTest" time="0.003"/>
  <testcase name="testSearchAirportByNameAndArchivedNoMatch" classname="com.example.agrotech.Tests.AirportControllerTest" time="0.003"/>
  <testcase name="testDeactivateAirportNotFound" classname="com.example.agrotech.Tests.AirportControllerTest" time="0.003"/>
</testsuite>